gpasm-1.4.3 #1207 (May 12 2016)      main.asm   5-16-2016  05:55:22         PAGE  1


LOC    OBJECT CODE    LINE  SOURCE TEXT
  VALUE

                      00001 ;--------------------------------------------------------
                      00002 ; File Created by SDCC : free open source ANSI-C Compiler
                      00003 ; Version 3.5.6 #9596 (Linux)
                      00004 ;--------------------------------------------------------
                      00005 ; PIC16 port for the Microchip 16-bit core micros
                      00006 ;--------------------------------------------------------
                      00007         list    p=18f46k22
                      00008         radix   dec
                      00009 
                      00010 
                      00011 ;--------------------------------------------------------
                      00012 ; public variables in this module
                      00013 ;--------------------------------------------------------
  0000                00014         global  ___uflags
  0000                00015         global  __entry
  0000                00016         global  __startup
  0000                00017         global  _main
  0000                00018         global  _tmr0_isr_countdown
  0000                00019         global  _tmr0_load
  0000                00020         global  __delay_us
  0000                00021         global  __delay_ms
  0000                00022         global  _tmr0_set_delay
  0000                00023         global  _tmr0_check_delay
  0000                00024         global  _tmr0_isr_init
  0000                00025         global  _tmr0_isr_intr
  0000                00026         global  _high_isr_proxy
  0000                00027         global  _low_isr_proxy
  0000                00028         global  _high_isr
  0000                00029         global  _low_isr
                      00030 
                      00031 ;--------------------------------------------------------
                      00032 ; extern variables in this module
                      00033 ;--------------------------------------------------------
  0000                00034         extern  _ANSELAbits
  0000                00035         extern  _ANSELBbits
  0000                00036         extern  _ANSELCbits
  0000                00037         extern  _ANSELDbits
  0000                00038         extern  _ANSELEbits
  0000                00039         extern  _PMD2bits
  0000                00040         extern  _PMD1bits
  0000                00041         extern  _PMD0bits
  0000                00042         extern  _DACCON1bits
  0000                00043         extern  _VREFCON2bits
  0000                00044         extern  _DACCON0bits
  0000                00045         extern  _VREFCON1bits
  0000                00046         extern  _FVRCONbits
  0000                00047         extern  _VREFCON0bits
  0000                00048         extern  _CTMUICONbits
  0000                00049         extern  _CTMUICONHbits
  0000                00050         extern  _CTMUCON1bits
  0000                00051         extern  _CTMUCONLbits
  0000                00052         extern  _CTMUCON0bits
  0000                00053         extern  _CTMUCONHbits
gpasm-1.4.3 #1207 (May 12 2016)      main.asm   5-16-2016  05:55:22         PAGE  2


LOC    OBJECT CODE    LINE  SOURCE TEXT
  VALUE

  0000                00054         extern  _SRCON1bits
  0000                00055         extern  _SRCON0bits
  0000                00056         extern  _CCPTMRS1bits
  0000                00057         extern  _CCPTMRS0bits
  0000                00058         extern  _T6CONbits
  0000                00059         extern  _T5GCONbits
  0000                00060         extern  _T5CONbits
  0000                00061         extern  _T4CONbits
  0000                00062         extern  _CCP5CONbits
  0000                00063         extern  _CCP4CONbits
  0000                00064         extern  _PSTR3CONbits
  0000                00065         extern  _CCP3ASbits
  0000                00066         extern  _ECCP3ASbits
  0000                00067         extern  _PWM3CONbits
  0000                00068         extern  _CCP3CONbits
  0000                00069         extern  _SLRCONbits
  0000                00070         extern  _WPUBbits
  0000                00071         extern  _IOCBbits
  0000                00072         extern  _PSTR2CONbits
  0000                00073         extern  _CCP2ASbits
  0000                00074         extern  _ECCP2ASbits
  0000                00075         extern  _PWM2CONbits
  0000                00076         extern  _CCP2CONbits
  0000                00077         extern  _SSP2CON3bits
  0000                00078         extern  _SSP2MSKbits
  0000                00079         extern  _SSP2CON2bits
  0000                00080         extern  _SSP2CON1bits
  0000                00081         extern  _SSP2STATbits
  0000                00082         extern  _BAUD2CONbits
  0000                00083         extern  _BAUDCON2bits
  0000                00084         extern  _RC2STAbits
  0000                00085         extern  _RCSTA2bits
  0000                00086         extern  _TX2STAbits
  0000                00087         extern  _TXSTA2bits
  0000                00088         extern  _CM12CONbits
  0000                00089         extern  _CM2CON1bits
  0000                00090         extern  _CM2CONbits
  0000                00091         extern  _CM2CON0bits
  0000                00092         extern  _CM1CONbits
  0000                00093         extern  _CM1CON0bits
  0000                00094         extern  _PIE4bits
  0000                00095         extern  _PIR4bits
  0000                00096         extern  _IPR4bits
  0000                00097         extern  _PIE5bits
  0000                00098         extern  _PIR5bits
  0000                00099         extern  _IPR5bits
  0000                00100         extern  _PORTAbits
  0000                00101         extern  _PORTBbits
  0000                00102         extern  _PORTCbits
  0000                00103         extern  _PORTDbits
  0000                00104         extern  _PORTEbits
  0000                00105         extern  _LATAbits
  0000                00106         extern  _LATBbits
gpasm-1.4.3 #1207 (May 12 2016)      main.asm   5-16-2016  05:55:22         PAGE  3


LOC    OBJECT CODE    LINE  SOURCE TEXT
  VALUE

  0000                00107         extern  _LATCbits
  0000                00108         extern  _LATDbits
  0000                00109         extern  _LATEbits
  0000                00110         extern  _DDRAbits
  0000                00111         extern  _TRISAbits
  0000                00112         extern  _DDRBbits
  0000                00113         extern  _TRISBbits
  0000                00114         extern  _DDRCbits
  0000                00115         extern  _TRISCbits
  0000                00116         extern  _DDRDbits
  0000                00117         extern  _TRISDbits
  0000                00118         extern  _DDREbits
  0000                00119         extern  _TRISEbits
  0000                00120         extern  _OSCTUNEbits
  0000                00121         extern  _HLVDCONbits
  0000                00122         extern  _LVDCONbits
  0000                00123         extern  _PIE1bits
  0000                00124         extern  _PIR1bits
  0000                00125         extern  _IPR1bits
  0000                00126         extern  _PIE2bits
  0000                00127         extern  _PIR2bits
  0000                00128         extern  _IPR2bits
  0000                00129         extern  _PIE3bits
  0000                00130         extern  _PIR3bits
  0000                00131         extern  _IPR3bits
  0000                00132         extern  _EECON1bits
  0000                00133         extern  _EEADRbits
  0000                00134         extern  _EEADRHbits
  0000                00135         extern  _RC1STAbits
  0000                00136         extern  _RCSTAbits
  0000                00137         extern  _RCSTA1bits
  0000                00138         extern  _TX1STAbits
  0000                00139         extern  _TXSTAbits
  0000                00140         extern  _TXSTA1bits
  0000                00141         extern  _T3CONbits
  0000                00142         extern  _T3GCONbits
  0000                00143         extern  _ECCP1ASbits
  0000                00144         extern  _ECCPASbits
  0000                00145         extern  _PWM1CONbits
  0000                00146         extern  _PWMCONbits
  0000                00147         extern  _BAUD1CONbits
  0000                00148         extern  _BAUDCONbits
  0000                00149         extern  _BAUDCON1bits
  0000                00150         extern  _BAUDCTLbits
  0000                00151         extern  _PSTR1CONbits
  0000                00152         extern  _PSTRCONbits
  0000                00153         extern  _T2CONbits
  0000                00154         extern  _CCP1CONbits
  0000                00155         extern  _ADCON2bits
  0000                00156         extern  _ADCON1bits
  0000                00157         extern  _ADCON0bits
  0000                00158         extern  _SSP1CON2bits
  0000                00159         extern  _SSPCON2bits
gpasm-1.4.3 #1207 (May 12 2016)      main.asm   5-16-2016  05:55:22         PAGE  4


LOC    OBJECT CODE    LINE  SOURCE TEXT
  VALUE

  0000                00160         extern  _SSP1CON1bits
  0000                00161         extern  _SSPCON1bits
  0000                00162         extern  _SSP1STATbits
  0000                00163         extern  _SSPSTATbits
  0000                00164         extern  _SSP1MSKbits
  0000                00165         extern  _SSPMSKbits
  0000                00166         extern  _SSP1CON3bits
  0000                00167         extern  _SSPCON3bits
  0000                00168         extern  _T1GCONbits
  0000                00169         extern  _T1CONbits
  0000                00170         extern  _RCONbits
  0000                00171         extern  _WDTCONbits
  0000                00172         extern  _OSCCON2bits
  0000                00173         extern  _OSCCONbits
  0000                00174         extern  _T0CONbits
  0000                00175         extern  _STATUSbits
  0000                00176         extern  _INTCON3bits
  0000                00177         extern  _INTCON2bits
  0000                00178         extern  _INTCONbits
  0000                00179         extern  _STKPTRbits
  0000                00180         extern  _stack_end
  0000                00181         extern  _ANSELA
  0000                00182         extern  _ANSELB
  0000                00183         extern  _ANSELC
  0000                00184         extern  _ANSELD
  0000                00185         extern  _ANSELE
  0000                00186         extern  _PMD2
  0000                00187         extern  _PMD1
  0000                00188         extern  _PMD0
  0000                00189         extern  _DACCON1
  0000                00190         extern  _VREFCON2
  0000                00191         extern  _DACCON0
  0000                00192         extern  _VREFCON1
  0000                00193         extern  _FVRCON
  0000                00194         extern  _VREFCON0
  0000                00195         extern  _CTMUICON
  0000                00196         extern  _CTMUICONH
  0000                00197         extern  _CTMUCON1
  0000                00198         extern  _CTMUCONL
  0000                00199         extern  _CTMUCON0
  0000                00200         extern  _CTMUCONH
  0000                00201         extern  _SRCON1
  0000                00202         extern  _SRCON0
  0000                00203         extern  _CCPTMRS1
  0000                00204         extern  _CCPTMRS0
  0000                00205         extern  _T6CON
  0000                00206         extern  _PR6
  0000                00207         extern  _TMR6
  0000                00208         extern  _T5GCON
  0000                00209         extern  _T5CON
  0000                00210         extern  _TMR5
  0000                00211         extern  _TMR5L
  0000                00212         extern  _TMR5H
gpasm-1.4.3 #1207 (May 12 2016)      main.asm   5-16-2016  05:55:22         PAGE  5


LOC    OBJECT CODE    LINE  SOURCE TEXT
  VALUE

  0000                00213         extern  _T4CON
  0000                00214         extern  _PR4
  0000                00215         extern  _TMR4
  0000                00216         extern  _CCP5CON
  0000                00217         extern  _CCPR5
  0000                00218         extern  _CCPR5L
  0000                00219         extern  _CCPR5H
  0000                00220         extern  _CCP4CON
  0000                00221         extern  _CCPR4
  0000                00222         extern  _CCPR4L
  0000                00223         extern  _CCPR4H
  0000                00224         extern  _PSTR3CON
  0000                00225         extern  _CCP3AS
  0000                00226         extern  _ECCP3AS
  0000                00227         extern  _PWM3CON
  0000                00228         extern  _CCP3CON
  0000                00229         extern  _CCPR3
  0000                00230         extern  _CCPR3L
  0000                00231         extern  _CCPR3H
  0000                00232         extern  _SLRCON
  0000                00233         extern  _WPUB
  0000                00234         extern  _IOCB
  0000                00235         extern  _PSTR2CON
  0000                00236         extern  _CCP2AS
  0000                00237         extern  _ECCP2AS
  0000                00238         extern  _PWM2CON
  0000                00239         extern  _CCP2CON
  0000                00240         extern  _CCPR2
  0000                00241         extern  _CCPR2L
  0000                00242         extern  _CCPR2H
  0000                00243         extern  _SSP2CON3
  0000                00244         extern  _SSP2MSK
  0000                00245         extern  _SSP2CON2
  0000                00246         extern  _SSP2CON1
  0000                00247         extern  _SSP2STAT
  0000                00248         extern  _SSP2ADD
  0000                00249         extern  _SSP2BUF
  0000                00250         extern  _BAUD2CON
  0000                00251         extern  _BAUDCON2
  0000                00252         extern  _RC2STA
  0000                00253         extern  _RCSTA2
  0000                00254         extern  _TX2STA
  0000                00255         extern  _TXSTA2
  0000                00256         extern  _TX2REG
  0000                00257         extern  _TXREG2
  0000                00258         extern  _RC2REG
  0000                00259         extern  _RCREG2
  0000                00260         extern  _SP2BRG
  0000                00261         extern  _SPBRG2
  0000                00262         extern  _SP2BRGH
  0000                00263         extern  _SPBRGH2
  0000                00264         extern  _CM12CON
  0000                00265         extern  _CM2CON1
gpasm-1.4.3 #1207 (May 12 2016)      main.asm   5-16-2016  05:55:22         PAGE  6


LOC    OBJECT CODE    LINE  SOURCE TEXT
  VALUE

  0000                00266         extern  _CM2CON
  0000                00267         extern  _CM2CON0
  0000                00268         extern  _CM1CON
  0000                00269         extern  _CM1CON0
  0000                00270         extern  _PIE4
  0000                00271         extern  _PIR4
  0000                00272         extern  _IPR4
  0000                00273         extern  _PIE5
  0000                00274         extern  _PIR5
  0000                00275         extern  _IPR5
  0000                00276         extern  _PORTA
  0000                00277         extern  _PORTB
  0000                00278         extern  _PORTC
  0000                00279         extern  _PORTD
  0000                00280         extern  _PORTE
  0000                00281         extern  _LATA
  0000                00282         extern  _LATB
  0000                00283         extern  _LATC
  0000                00284         extern  _LATD
  0000                00285         extern  _LATE
  0000                00286         extern  _DDRA
  0000                00287         extern  _TRISA
  0000                00288         extern  _DDRB
  0000                00289         extern  _TRISB
  0000                00290         extern  _DDRC
  0000                00291         extern  _TRISC
  0000                00292         extern  _DDRD
  0000                00293         extern  _TRISD
  0000                00294         extern  _DDRE
  0000                00295         extern  _TRISE
  0000                00296         extern  _OSCTUNE
  0000                00297         extern  _HLVDCON
  0000                00298         extern  _LVDCON
  0000                00299         extern  _PIE1
  0000                00300         extern  _PIR1
  0000                00301         extern  _IPR1
  0000                00302         extern  _PIE2
  0000                00303         extern  _PIR2
  0000                00304         extern  _IPR2
  0000                00305         extern  _PIE3
  0000                00306         extern  _PIR3
  0000                00307         extern  _IPR3
  0000                00308         extern  _EECON1
  0000                00309         extern  _EECON2
  0000                00310         extern  _EEDATA
  0000                00311         extern  _EEADR
  0000                00312         extern  _EEADRH
  0000                00313         extern  _RC1STA
  0000                00314         extern  _RCSTA
  0000                00315         extern  _RCSTA1
  0000                00316         extern  _TX1STA
  0000                00317         extern  _TXSTA
  0000                00318         extern  _TXSTA1
gpasm-1.4.3 #1207 (May 12 2016)      main.asm   5-16-2016  05:55:22         PAGE  7


LOC    OBJECT CODE    LINE  SOURCE TEXT
  VALUE

  0000                00319         extern  _TX1REG
  0000                00320         extern  _TXREG
  0000                00321         extern  _TXREG1
  0000                00322         extern  _RC1REG
  0000                00323         extern  _RCREG
  0000                00324         extern  _RCREG1
  0000                00325         extern  _SP1BRG
  0000                00326         extern  _SPBRG
  0000                00327         extern  _SPBRG1
  0000                00328         extern  _SP1BRGH
  0000                00329         extern  _SPBRGH
  0000                00330         extern  _SPBRGH1
  0000                00331         extern  _T3CON
  0000                00332         extern  _TMR3
  0000                00333         extern  _TMR3L
  0000                00334         extern  _TMR3H
  0000                00335         extern  _T3GCON
  0000                00336         extern  _ECCP1AS
  0000                00337         extern  _ECCPAS
  0000                00338         extern  _PWM1CON
  0000                00339         extern  _PWMCON
  0000                00340         extern  _BAUD1CON
  0000                00341         extern  _BAUDCON
  0000                00342         extern  _BAUDCON1
  0000                00343         extern  _BAUDCTL
  0000                00344         extern  _PSTR1CON
  0000                00345         extern  _PSTRCON
  0000                00346         extern  _T2CON
  0000                00347         extern  _PR2
  0000                00348         extern  _TMR2
  0000                00349         extern  _CCP1CON
  0000                00350         extern  _CCPR1
  0000                00351         extern  _CCPR1L
  0000                00352         extern  _CCPR1H
  0000                00353         extern  _ADCON2
  0000                00354         extern  _ADCON1
  0000                00355         extern  _ADCON0
  0000                00356         extern  _ADRES
  0000                00357         extern  _ADRESL
  0000                00358         extern  _ADRESH
  0000                00359         extern  _SSP1CON2
  0000                00360         extern  _SSPCON2
  0000                00361         extern  _SSP1CON1
  0000                00362         extern  _SSPCON1
  0000                00363         extern  _SSP1STAT
  0000                00364         extern  _SSPSTAT
  0000                00365         extern  _SSP1ADD
  0000                00366         extern  _SSPADD
  0000                00367         extern  _SSP1BUF
  0000                00368         extern  _SSPBUF
  0000                00369         extern  _SSP1MSK
  0000                00370         extern  _SSPMSK
  0000                00371         extern  _SSP1CON3
gpasm-1.4.3 #1207 (May 12 2016)      main.asm   5-16-2016  05:55:22         PAGE  8


LOC    OBJECT CODE    LINE  SOURCE TEXT
  VALUE

  0000                00372         extern  _SSPCON3
  0000                00373         extern  _T1GCON
  0000                00374         extern  _T1CON
  0000                00375         extern  _TMR1
  0000                00376         extern  _TMR1L
  0000                00377         extern  _TMR1H
  0000                00378         extern  _RCON
  0000                00379         extern  _WDTCON
  0000                00380         extern  _OSCCON2
  0000                00381         extern  _OSCCON
  0000                00382         extern  _T0CON
  0000                00383         extern  _TMR0
  0000                00384         extern  _TMR0L
  0000                00385         extern  _TMR0H
  0000                00386         extern  _STATUS
  0000                00387         extern  _FSR2L
  0000                00388         extern  _FSR2H
  0000                00389         extern  _PLUSW2
  0000                00390         extern  _PREINC2
  0000                00391         extern  _POSTDEC2
  0000                00392         extern  _POSTINC2
  0000                00393         extern  _INDF2
  0000                00394         extern  _BSR
  0000                00395         extern  _FSR1L
  0000                00396         extern  _FSR1H
  0000                00397         extern  _PLUSW1
  0000                00398         extern  _PREINC1
  0000                00399         extern  _POSTDEC1
  0000                00400         extern  _POSTINC1
  0000                00401         extern  _INDF1
  0000                00402         extern  _WREG
  0000                00403         extern  _FSR0L
  0000                00404         extern  _FSR0H
  0000                00405         extern  _PLUSW0
  0000                00406         extern  _PREINC0
  0000                00407         extern  _POSTDEC0
  0000                00408         extern  _POSTINC0
  0000                00409         extern  _INDF0
  0000                00410         extern  _INTCON3
  0000                00411         extern  _INTCON2
  0000                00412         extern  _INTCON
  0000                00413         extern  _PROD
  0000                00414         extern  _PRODL
  0000                00415         extern  _PRODH
  0000                00416         extern  _TABLAT
  0000                00417         extern  _TBLPTR
  0000                00418         extern  _TBLPTRL
  0000                00419         extern  _TBLPTRH
  0000                00420         extern  _TBLPTRU
  0000                00421         extern  _PC
  0000                00422         extern  _PCL
  0000                00423         extern  _PCLATH
  0000                00424         extern  _PCLATU
gpasm-1.4.3 #1207 (May 12 2016)      main.asm   5-16-2016  05:55:22         PAGE  9


LOC    OBJECT CODE    LINE  SOURCE TEXT
  VALUE

  0000                00425         extern  _STKPTR
  0000                00426         extern  _TOS
  0000                00427         extern  _TOSL
  0000                00428         extern  _TOSH
  0000                00429         extern  _TOSU
  0000                00430         extern  _delay100tcy
  0000                00431         extern  _cinit
                      00432 
                      00433 ;--------------------------------------------------------
                      00434 ;       Equates to used internal registers
                      00435 ;--------------------------------------------------------
  00000FD8            00436 STATUS  equ     0xfd8
  00000FFA            00437 PCLATH  equ     0xffa
  00000FFB            00438 PCLATU  equ     0xffb
  00000FE8            00439 WREG    equ     0xfe8
  00000FE9            00440 FSR0L   equ     0xfe9
  00000FEA            00441 FSR0H   equ     0xfea
  00000FE1            00442 FSR1L   equ     0xfe1
  00000FD9            00443 FSR2L   equ     0xfd9
  00000FEF            00444 INDF0   equ     0xfef
  00000FEE            00445 POSTINC0        equ     0xfee
  00000FE6            00446 POSTINC1        equ     0xfe6
  00000FE5            00447 POSTDEC1        equ     0xfe5
  00000FE4            00448 PREINC1 equ     0xfe4
  00000FDB            00449 PLUSW2  equ     0xfdb
  00000FF3            00450 PRODL   equ     0xff3
  00000FF4            00451 PRODH   equ     0xff4
                      00452 
                      00453 
                      00454         idata
000000 00             00455 ___uflags       db      0x00
                      00456 
                      00457 
                      00458 ; Internal registers
                      00459 .registers      udata_ovr       0x0000
000000                00460 r0x00   res     1
000001                00461 r0x01   res     1
000002                00462 r0x02   res     1
000003                00463 r0x03   res     1
000004                00464 r0x04   res     1
000005                00465 r0x05   res     1
000006                00466 r0x06   res     1
                      00467 
                      00468 udata_main_0    udata
000000                00469 _tmr0_isr_countdown     res     2
                      00470 
                      00471 udata_main_1    udata
000000                00472 _tmr0_load      res     1
                      00473 
                      00474 ;--------------------------------------------------------
                      00475 ; interrupt vector
                      00476 ;--------------------------------------------------------
                      00477 
gpasm-1.4.3 #1207 (May 12 2016)      main.asm   5-16-2016  05:55:22         PAGE 10


LOC    OBJECT CODE    LINE  SOURCE TEXT
  VALUE

                      00478 ;--------------------------------------------------------
                      00479 ; global & static initialisations
                      00480 ;--------------------------------------------------------
                      00481 ; ; Starting pCode block
                      00482 S_main___entry  code    0X000300
000300                00483 __entry:
000300 EF00 F000      00484         goto    __startup
                      00485         
                      00486 ; ; Starting pCode block
                      00487 S_main__high_isr_proxy  code    0X000308
000308                00488 _high_isr_proxy:
000308 EF00 F000      00489         goto    _high_isr 
                      00490 ; ; Starting pCode block
                      00491 S_main__low_isr_proxy   code    0X000318
000318                00492 _low_isr_proxy:
000318 EF00 F000      00493         goto    _low_isr 
                      00494 ; ; Starting pCode block
                      00495 S_main__high_isr        code
000000                00496 _high_isr:
                      00497 ;       .line   35; main.c      void high_isr(void) __shadowregs  __interrupt {
000000 CFF3 FFE5      00498         MOVFF   PRODL, POSTDEC1
000004 CFF4 FFE5      00499         MOVFF   PRODH, POSTDEC1
000008 CFE9 FFE5      00500         MOVFF   FSR0L, POSTDEC1
00000C CFEA FFE5      00501         MOVFF   FSR0H, POSTDEC1
000010 CFFA FFE5      00502         MOVFF   PCLATH, POSTDEC1
000014 CFFB FFE5      00503         MOVFF   PCLATU, POSTDEC1
                      00504 ;       .line   37; main.c      tmr0_isr_intr();
000018 EC?? F0??      00505         CALL    _tmr0_isr_intr
00001C CFE4 FFFB      00506         MOVFF   PREINC1, PCLATU
000020 CFE4 FFFA      00507         MOVFF   PREINC1, PCLATH
000024 CFE4 FFEA      00508         MOVFF   PREINC1, FSR0H
000028 CFE4 FFE9      00509         MOVFF   PREINC1, FSR0L
00002C CFE4 FFF4      00510         MOVFF   PREINC1, PRODH
000030 CFE4 FFF3      00511         MOVFF   PREINC1, PRODL
000034 0011           00512         RETFIE  0x01
                      00513 
                      00514 ; ; Starting pCode block
                      00515 S_main__low_isr code
000000                00516 _low_isr:
                      00517 ;       .line   40; main.c      void low_isr(void) __shadowregs  __interrupt {
000000 CFF3 FFE5      00518         MOVFF   PRODL, POSTDEC1
000004 CFF4 FFE5      00519         MOVFF   PRODH, POSTDEC1
000008 CFE9 FFE5      00520         MOVFF   FSR0L, POSTDEC1
00000C CFEA FFE5      00521         MOVFF   FSR0H, POSTDEC1
000010 CFFA FFE5      00522         MOVFF   PCLATH, POSTDEC1
000014 CFFB FFE5      00523         MOVFF   PCLATU, POSTDEC1
                      00524 ;       .line   42; main.c      }
000018 CFE4 FFFB      00525         MOVFF   PREINC1, PCLATU
00001C CFE4 FFFA      00526         MOVFF   PREINC1, PCLATH
000020 CFE4 FFEA      00527         MOVFF   PREINC1, FSR0H
000024 CFE4 FFE9      00528         MOVFF   PREINC1, FSR0L
000028 CFE4 FFF4      00529         MOVFF   PREINC1, PRODH
00002C CFE4 FFF3      00530         MOVFF   PREINC1, PRODL
gpasm-1.4.3 #1207 (May 12 2016)      main.asm   5-16-2016  05:55:22         PAGE 11


LOC    OBJECT CODE    LINE  SOURCE TEXT
  VALUE

000030 0011           00531         RETFIE  0x01
                      00532 
                      00533 ; I code from now on!
                      00534 ; ; Starting pCode block
                      00535 S_main__main    code
000000                00536 _main:
000000 ????           00537         BANKSEL _ANSELA
                      00538 ;       .line   45; main.c      AllDigital();
000002 6B??           00539         CLRF    _ANSELA, B
000004 ????           00540         BANKSEL _ANSELB
000006 6B??           00541         CLRF    _ANSELB, B
000008 ????           00542         BANKSEL _ANSELC
00000A 6B??           00543         CLRF    _ANSELC, B
00000C ????           00544         BANKSEL _ANSELD
00000E 6B??           00545         CLRF    _ANSELD, B
000010 ????           00546         BANKSEL _ANSELE
000012 6B??           00547         CLRF    _ANSELE, B
000014 6A??           00548         CLRF    _ADCON0
000016 6A??           00549         CLRF    _ADCON1
000018 6A??           00550         CLRF    _ADCON2
00001A 6A??           00551         CLRF    _CM1CON0
00001C 6A??           00552         CLRF    _CM2CON0
00001E 6A??           00553         CLRF    _CM2CON1
                      00554 ;       .line   47; main.c      OnBoardLED_dir = OUTPUT; 
000020 94??           00555         BCF     _TRISCbits, 2
                      00556 ;       .line   48; main.c      OnBoardButton_dir = INPUT; 
000022 88??           00557         BSF     _TRISAbits, 4
                      00558 ;       .line   49; main.c      OnBoardLED = 0;
000024 94??           00559         BCF     _LATCbits, 2
                      00560 ;       .line   51; main.c      sei(); /* enable global interrupts */
000026 6A??           00561         CLRF    _RCON
000028 8E??           00562         BSF     _RCONbits, 7
00002A 8C??           00563         BSF     _INTCONbits, 6
00002C 8E??           00564         BSF     _INTCONbits, 7
                      00565 ;       .line   52; main.c      tmr0_isr_init();
00002E EC?? F0??      00566         CALL    _tmr0_isr_init
                      00567 ;       .line   53; main.c      tmr0_set_delay(0, 250);
000032 6AE5           00568         CLRF    POSTDEC1
000034 0EFA           00569         MOVLW   0xfa
000036 6EE5           00570         MOVWF   POSTDEC1
000038 0E00           00571         MOVLW   0x00
00003A 6AE5           00572         CLRF    POSTDEC1
00003C EC?? F0??      00573         CALL    _tmr0_set_delay
000040 0E03           00574         MOVLW   0x03
000042 26E1           00575         ADDWF   FSR1L, F
000044                00576 _00250_DS_:
                      00577 ;       .line   55; main.c      if (tmr0_check_delay(0) == TRUE) {
000044 0E00           00578         MOVLW   0x00
000046 6AE5           00579         CLRF    POSTDEC1
000048 EC?? F0??      00580         CALL    _tmr0_check_delay
00004C 52E6           00581         MOVF    POSTINC1, F
00004E 0A01           00582         XORLW   0x01
000050 E1??           00583         BNZ     _00250_DS_
gpasm-1.4.3 #1207 (May 12 2016)      main.asm   5-16-2016  05:55:22         PAGE 12


LOC    OBJECT CODE    LINE  SOURCE TEXT
  VALUE

                      00584 ;       .line   56; main.c      tmr0_set_delay(0, 250);
000052 6AE5           00585         CLRF    POSTDEC1
000054 0EFA           00586         MOVLW   0xfa
000056 6EE5           00587         MOVWF   POSTDEC1
000058 0E00           00588         MOVLW   0x00
00005A 6AE5           00589         CLRF    POSTDEC1
00005C EC?? F0??      00590         CALL    _tmr0_set_delay
000060 0E03           00591         MOVLW   0x03
000062 26E1           00592         ADDWF   FSR1L, F
                      00593 ;       .line   57; main.c      OnBoardLED = !OnBoardLED;
000064 6A??           00594         CLRF    r0x00
000066 B4??           00595         BTFSC   _LATCbits, 2
000068 2A??           00596         INCF    r0x00, F
00006A 50??           00597         MOVF    r0x00, W
00006C 80D8           00598         BSF     STATUS, 0
00006E 66E8           00599         TSTFSZ  WREG
000070 90D8           00600         BCF     STATUS, 0
000072 6A??           00601         CLRF    r0x00
000074 36??           00602         RLCF    r0x00, F
000076 50??           00603         MOVF    r0x00, W
000078 0B01           00604         ANDLW   0x01
00007A 44E8           00605         RLNCF   WREG, W
00007C 44E8           00606         RLNCF   WREG, W
00007E 6EF4           00607         MOVWF   PRODH
000080 50??           00608         MOVF    _LATCbits, W
000082 0BFB           00609         ANDLW   0xfb
000084 10F4           00610         IORWF   PRODH, W
000086 6E??           00611         MOVWF   _LATCbits
000088 D???           00612         BRA     _00250_DS_
00008A 0012           00613         RETURN  
                      00614 
                      00615 ; ; Starting pCode block
                      00616 S_main___startup        code
000000                00617 __startup:
                      00618         ;       Initialize the stack pointer
000000 EE?? F0??      00619         lfsr    1, _stack_end
000004 EE?? F0??      00620         lfsr    2, _stack_end
                      00621         ;       1st silicon does not do this on POR
000008 6A??           00622         clrf    _TBLPTRU, 0
                      00623         ;       Initialize the flash memory access configuration.
                      00624         ;       This is harmless for non-flash devices, so we do it on all parts.
00000A 8EA6           00625         bsf     0xa6, 7, 0 ; EECON1.EEPGD = 1, TBLPTR accesses program memory
00000C 9CA6           00626         bcf     0xa6, 6, 0 ; EECON1.CFGS = 0, TBLPTR accesses program memory
                      00627         ;       TBLPTR = &cinit
00000E 0E??           00628         movlw   low(_cinit)
000010 6E??           00629         movwf   _TBLPTRL, 0
000012 0E??           00630         movlw   high(_cinit)
000014 6E??           00631         movwf   _TBLPTRH, 0
000016 0E??           00632         movlw   upper(_cinit)
000018 6E??           00633         movwf   _TBLPTRU, 0
                      00634         ;       0x05 = cinit.num_init
00001A 0009           00635         tblrd*+
00001C C??? F???      00636         movff   _TABLAT, 0x05
gpasm-1.4.3 #1207 (May 12 2016)      main.asm   5-16-2016  05:55:22         PAGE 13


LOC    OBJECT CODE    LINE  SOURCE TEXT
  VALUE

000020 0009           00637         tblrd*+
000022 C??? F???      00638         movff   _TABLAT, (0x05 + 1)
                      00639         ;       while (0x05)
000026 D???           00640         bra     entry_loop_dec
000028                00641 entry_loop:
                      00642         ;       Count down so we only have to look up the data in _cinit once.
                      00643         ;       At this point we know that TBLPTR points to the top of the current
                      00644         ;       entry in _cinit, so we can just start reading the from, to, and
                      00645         ;       size values.
                      00646         ;       Read the source address low.
                      00647         ;       0x00 = 0x07 ->from;
000028 0009           00648         tblrd*+
00002A C??? F???      00649         movff   _TABLAT, 0x00
                      00650         ;       source address high
00002E 0009           00651         tblrd*+
000030 C??? F???      00652         movff   _TABLAT, (0x00 + 1)
                      00653         ;       source address upper
000034 0009           00654         tblrd*+
000036 C??? F???      00655         movff   _TABLAT, (0x00 + 2)
                      00656         ;       Skip 0 byte since it is stored as 0 32bit int.
00003A 0009           00657         tblrd*+
                      00658         ;       Read the destination address directly into FSR0
                      00659         ;       destination address low.
                      00660         ;       FSR0 = (unsigned short)0x07 ->to;
00003C 0009           00661         tblrd*+
00003E C??? F???      00662         movff   _TABLAT, _FSR0L
                      00663         ;       destination address high
000042 0009           00664         tblrd*+
000044 C??? F???      00665         movff   _TABLAT, _FSR0H
                      00666         ;       Skip two bytes since it is stored as 0 32bit int.
000048 0009           00667         tblrd*+
00004A 0009           00668         tblrd*+
                      00669         ;       Read the size of data to transfer to destination address.
                      00670         ;       0x03 = (unsigned short)0x07 ->size;
00004C 0009           00671         tblrd*+
00004E C??? F???      00672         movff   _TABLAT, 0x03
000052 0009           00673         tblrd*+
000054 C??? F???      00674         movff   _TABLAT, (0x03 + 1)
                      00675         ;       Skip two bytes since it is stored as 0 32bit int.
000058 0009           00676         tblrd*+
00005A 0009           00677         tblrd*+
                      00678         ;       0x00 = 0x07 ->from;
                      00679         ;       FSR0 = (unsigned short)0x07 ->to;
                      00680         ;       0x03 = (unsigned short)0x07 ->size;
                      00681         ;       The table pointer now points to the next entry. Save it
                      00682         ;       off since we will be using the table pointer to do the copying
                      00683         ;       for the entry.
                      00684         ;       0x07 = TBLPTR
00005C C??? F???      00685         movff   _TBLPTRL, 0x07
000060 C??? F???      00686         movff   _TBLPTRH, (0x07 + 1)
000064 C??? F???      00687         movff   _TBLPTRU, (0x07 + 2)
                      00688         ;       Now assign the source address to the table pointer.
                      00689         ;       TBLPTR = 0x00
gpasm-1.4.3 #1207 (May 12 2016)      main.asm   5-16-2016  05:55:22         PAGE 14


LOC    OBJECT CODE    LINE  SOURCE TEXT
  VALUE

000068 C000 F000      00690         movff   0x00, _TBLPTRL
00006C C001 F000      00691         movff   (0x00 + 1), _TBLPTRH
000070 C002 F000      00692         movff   (0x00 + 2), _TBLPTRU
000074 D???           00693         bra     copy_loop_dec
000076                00694 copy_loop:
000076 0009           00695         tblrd*+
000078 C??? F???      00696         movff   _TABLAT, _POSTINC0
00007C                00697 copy_loop_dec:
                      00698         ;       while (--0x03);
                      00699         ;       Decrement and test the byte counter.
                      00700         ;       The cycle ends when the value of counter reaches the -1.
00007C 0603           00701         decf    0x03, f, 0
00007E E2??           00702         bc      copy_loop
000080 0604           00703         decf    (0x03 + 1), f, 0
000082 E2??           00704         bc      copy_loop
                      00705         ;       Restore the table pointer for the next entry.
                      00706         ;       TBLPTR = 0x07
000084 C007 F000      00707         movff   0x07, _TBLPTRL
000088 C008 F000      00708         movff   (0x07 + 1), _TBLPTRH
00008C C009 F000      00709         movff   (0x07 + 2), _TBLPTRU
000090                00710 entry_loop_dec:
                      00711         ;       while (--0x05);
                      00712         ;       Decrement and test the entry counter.
                      00713         ;       The cycle ends when the value of counter reaches the -1.
000090 0605           00714         decf    0x05, f, 0
000092 E2??           00715         bc      entry_loop
000094 0606           00716         decf    (0x05 + 1), f, 0
000096 E2??           00717         bc      entry_loop
                      00718         
                      00719 ;       .line   249; ../my_sdcc_lib/crt0i.c     main ();
000098 EC?? F0??      00720         CALL    _main
00009C                00721 lockup:
                      00722         ;       Returning from main will lock up.
00009C D???           00723         bra     lockup
                      00724         
                      00725 ; ; Starting pCode block
                      00726 S_main__tmr0_isr_intr   code
000000                00727 _tmr0_isr_intr:
                      00728 ;       .line   113; ../my_sdcc_lib/rosso_sdcc_isr_delay.h      void tmr0_isr_intr(void) {
000000 C??? F???      00729         MOVFF   r0x00, POSTDEC1
000004 C??? F???      00730         MOVFF   r0x01, POSTDEC1
000008 C??? F???      00731         MOVFF   r0x02, POSTDEC1
00000C C??? F???      00732         MOVFF   r0x03, POSTDEC1
000010 C??? F???      00733         MOVFF   r0x04, POSTDEC1
000014 C??? F???      00734         MOVFF   r0x05, POSTDEC1
000018 C??? F???      00735         MOVFF   r0x06, POSTDEC1
                      00736 ;       .line   116; ../my_sdcc_lib/rosso_sdcc_isr_delay.h      if (INTCONbits.TMR0IF) {
00001C A4??           00737         BTFSS   _INTCONbits, 2
00001E D???           00738         BRA     _00196_DS_
                      00739 ;       .line   117; ../my_sdcc_lib/rosso_sdcc_isr_delay.h      TMR0L = tmr0_load;
000020 C??? F???      00740         MOVFF   _tmr0_load, _TMR0L
                      00741 ;       .line   123; ../my_sdcc_lib/rosso_sdcc_isr_delay.h      for (index = 0; index < TMR0_DELAY_SLOTS
                            ; index++) {
gpasm-1.4.3 #1207 (May 12 2016)      main.asm   5-16-2016  05:55:22         PAGE 15


LOC    OBJECT CODE    LINE  SOURCE TEXT
  VALUE

000024 6A??           00742         CLRF    r0x00
000026 6A??           00743         CLRF    r0x01
000028 6A??           00744         CLRF    r0x02
00002A                00745 _00194_DS_:
                      00746 ;       .line   124; ../my_sdcc_lib/rosso_sdcc_isr_delay.h      if (tmr0_isr_countdown[index] > 0)
00002A 0E??           00747         MOVLW   LOW(_tmr0_isr_countdown)
00002C 24??           00748         ADDWF   r0x01, W
00002E 6E??           00749         MOVWF   r0x03
000030 0E??           00750         MOVLW   HIGH(_tmr0_isr_countdown)
000032 20??           00751         ADDWFC  r0x02, W
000034 6E??           00752         MOVWF   r0x04
000036 C??? F???      00753         MOVFF   r0x03, FSR0L
00003A C??? F???      00754         MOVFF   r0x04, FSR0H
00003E CFEE F000      00755         MOVFF   POSTINC0, r0x05
000042 CFEF F000      00756         MOVFF   INDF0, r0x06
000046 50??           00757         MOVF    r0x06, W
000048 0F80           00758         ADDLW   0x80
00004A 0F80           00759         ADDLW   0x80
00004C E1??           00760         BNZ     _00211_DS_
00004E 0E01           00761         MOVLW   0x01
000050 5C??           00762         SUBWF   r0x05, W
000052                00763 _00211_DS_:
000052 E3??           00764         BNC     _00195_DS_
                      00765 ;       .line   125; ../my_sdcc_lib/rosso_sdcc_isr_delay.h      tmr0_isr_countdown[index] = tmr0_isr_cou
                            ntdown[index] - 1;
000054 0EFF           00766         MOVLW   0xff
000056 26??           00767         ADDWF   r0x05, F
000058 22??           00768         ADDWFC  r0x06, F
00005A C??? F???      00769         MOVFF   r0x03, FSR0L
00005E C??? F???      00770         MOVFF   r0x04, FSR0H
000062 C??? F???      00771         MOVFF   r0x05, POSTINC0
000066 C??? F???      00772         MOVFF   r0x06, INDF0
00006A                00773 _00195_DS_:
                      00774 ;       .line   123; ../my_sdcc_lib/rosso_sdcc_isr_delay.h      for (index = 0; index < TMR0_DELAY_SLOTS
                            ; index++) {
00006A 0E02           00775         MOVLW   0x02
00006C 26??           00776         ADDWF   r0x01, F
00006E B0D8           00777         BTFSC   STATUS, 0
000070 2A??           00778         INCF    r0x02, F
000072 2A??           00779         INCF    r0x00, F
000074 0E01           00780         MOVLW   0x01
000076 5C??           00781         SUBWF   r0x00, W
000078 E3??           00782         BNC     _00194_DS_
                      00783 ;       .line   128; ../my_sdcc_lib/rosso_sdcc_isr_delay.h      INTCONbits.TMR0IF = 0;
00007A 94??           00784         BCF     _INTCONbits, 2
00007C                00785 _00196_DS_:
00007C CFE4 F000      00786         MOVFF   PREINC1, r0x06
000080 CFE4 F000      00787         MOVFF   PREINC1, r0x05
000084 CFE4 F000      00788         MOVFF   PREINC1, r0x04
000088 CFE4 F000      00789         MOVFF   PREINC1, r0x03
00008C CFE4 F000      00790         MOVFF   PREINC1, r0x02
000090 CFE4 F000      00791         MOVFF   PREINC1, r0x01
000094 CFE4 F000      00792         MOVFF   PREINC1, r0x00
gpasm-1.4.3 #1207 (May 12 2016)      main.asm   5-16-2016  05:55:22         PAGE 16


LOC    OBJECT CODE    LINE  SOURCE TEXT
  VALUE

000098 0012           00793         RETURN  
                      00794 
                      00795 ; ; Starting pCode block
                      00796 S_main__tmr0_isr_init   code
000000                00797 _tmr0_isr_init:
                      00798 ;       .line   61; ../my_sdcc_lib/rosso_sdcc_isr_delay.h       void tmr0_isr_init(void) {
000000 C??? F???      00799         MOVFF   r0x00, POSTDEC1
000004 C??? F???      00800         MOVFF   r0x01, POSTDEC1
000008 C??? F???      00801         MOVFF   r0x02, POSTDEC1
00000C C??? F???      00802         MOVFF   r0x03, POSTDEC1
000010 C??? F???      00803         MOVFF   r0x04, POSTDEC1
                      00804 ;       .line   75; ../my_sdcc_lib/rosso_sdcc_isr_delay.h       T0CONbits.T0PS = 5; // prescaler 64
000014 50??           00805         MOVF    _T0CONbits, W
000016 0BF8           00806         ANDLW   0xf8
000018 0905           00807         IORLW   0x05
00001A 6E??           00808         MOVWF   _T0CONbits
                      00809 ;       .line   76; ../my_sdcc_lib/rosso_sdcc_isr_delay.h       tmr0_load = 255 - (uint8_t) (tmr0_div / 
                            64);
00001C 0E06           00810         MOVLW   0x06
00001E ????           00811         BANKSEL _tmr0_load
000020 6F??           00812         MOVWF   _tmr0_load, B
                      00813 ;       .line   98; ../my_sdcc_lib/rosso_sdcc_isr_delay.h       T0CONbits.T08BIT = 1;
000022 8C??           00814         BSF     _T0CONbits, 6
                      00815 ;       .line   99; ../my_sdcc_lib/rosso_sdcc_isr_delay.h       T0CONbits.T0CS = 0; // internal clock
000024 9A??           00816         BCF     _T0CONbits, 5
                      00817 ;       .line   100; ../my_sdcc_lib/rosso_sdcc_isr_delay.h      T0CONbits.PSA = 0; // assign prescaler t
                            o timer0
000026 96??           00818         BCF     _T0CONbits, 3
                      00819 ;       .line   101; ../my_sdcc_lib/rosso_sdcc_isr_delay.h      INTCONbits.RBIF = 0;
000028 90??           00820         BCF     _INTCONbits, 0
                      00821 ;       .line   102; ../my_sdcc_lib/rosso_sdcc_isr_delay.h      INTCONbits.TMR0IF = 0;
00002A 94??           00822         BCF     _INTCONbits, 2
                      00823 ;       .line   103; ../my_sdcc_lib/rosso_sdcc_isr_delay.h      INTCONbits.TMR0IE = 1;
00002C 8A??           00824         BSF     _INTCONbits, 5
                      00825 ;       .line   108; ../my_sdcc_lib/rosso_sdcc_isr_delay.h      for (i = 0; i < TMR0_DELAY_SLOTS; i++) t
                            mr0_isr_countdown[i] = 0;
00002E 6A??           00826         CLRF    r0x00
000030 6A??           00827         CLRF    r0x01
000032 6A??           00828         CLRF    r0x02
000034                00829 _00176_DS_:
000034 0E??           00830         MOVLW   LOW(_tmr0_isr_countdown)
000036 24??           00831         ADDWF   r0x01, W
000038 6E??           00832         MOVWF   r0x03
00003A 0E??           00833         MOVLW   HIGH(_tmr0_isr_countdown)
00003C 20??           00834         ADDWFC  r0x02, W
00003E 6E??           00835         MOVWF   r0x04
000040 C??? F???      00836         MOVFF   r0x03, FSR0L
000044 C??? F???      00837         MOVFF   r0x04, FSR0H
000048 6AEE           00838         CLRF    POSTINC0
00004A 6AEF           00839         CLRF    INDF0
00004C 0E02           00840         MOVLW   0x02
00004E 26??           00841         ADDWF   r0x01, F
000050 B0D8           00842         BTFSC   STATUS, 0
gpasm-1.4.3 #1207 (May 12 2016)      main.asm   5-16-2016  05:55:22         PAGE 17


LOC    OBJECT CODE    LINE  SOURCE TEXT
  VALUE

000052 2A??           00843         INCF    r0x02, F
000054 2A??           00844         INCF    r0x00, F
000056 0E01           00845         MOVLW   0x01
000058 5C??           00846         SUBWF   r0x00, W
00005A E3??           00847         BNC     _00176_DS_
00005C CFE4 F000      00848         MOVFF   PREINC1, r0x04
000060 CFE4 F000      00849         MOVFF   PREINC1, r0x03
000064 CFE4 F000      00850         MOVFF   PREINC1, r0x02
000068 CFE4 F000      00851         MOVFF   PREINC1, r0x01
00006C CFE4 F000      00852         MOVFF   PREINC1, r0x00
000070 0012           00853         RETURN  
                      00854 
                      00855 ; ; Starting pCode block
                      00856 S_main__tmr0_check_delay        code
000000                00857 _tmr0_check_delay:
                      00858 ;       .line   48; ../my_sdcc_lib/rosso_sdcc_isr_delay.h       bool_t tmr0_check_delay(uint8_t slot) {
000000 CFD9 FFE5      00859         MOVFF   FSR2L, POSTDEC1
000004 CFE1 FFD9      00860         MOVFF   FSR1L, FSR2L
000008 C??? F???      00861         MOVFF   r0x00, POSTDEC1
00000C C??? F???      00862         MOVFF   r0x01, POSTDEC1
000010 0E02           00863         MOVLW   0x02
000012 CFDB F000      00864         MOVFF   PLUSW2, r0x00
                      00865 ;       .line   49; ../my_sdcc_lib/rosso_sdcc_isr_delay.h       if (slot >= TMR0_DELAY_SLOTS) return (TR
                            UE);
000016 0E01           00866         MOVLW   0x01
000018 5C??           00867         SUBWF   r0x00, W
00001A E3??           00868         BNC     _00154_DS_
00001C 0E01           00869         MOVLW   0x01
00001E D???           00870         BRA     _00159_DS_
                      00871 ; ;multiply lit val:0x02 by variable r0x00 and store in r0x00
000020                00872 _00154_DS_:
                      00873 ;       .line   50; ../my_sdcc_lib/rosso_sdcc_isr_delay.h       if (tmr0_isr_countdown[slot] == 0) {
000020 50??           00874         MOVF    r0x00, W
000022 0D02           00875         MULLW   0x02
000024 50F4           00876         MOVF    PRODH, W
000026 6E??           00877         MOVWF   r0x01
000028 CFF3 F000      00878         MOVFF   PRODL, r0x00
00002C 0E??           00879         MOVLW   LOW(_tmr0_isr_countdown)
00002E 26??           00880         ADDWF   r0x00, F
000030 0E??           00881         MOVLW   HIGH(_tmr0_isr_countdown)
000032 22??           00882         ADDWFC  r0x01, F
000034 C??? F???      00883         MOVFF   r0x00, FSR0L
000038 C??? F???      00884         MOVFF   r0x01, FSR0H
00003C CFEE F000      00885         MOVFF   POSTINC0, r0x00
000040 CFEF F000      00886         MOVFF   INDF0, r0x01
000044 50??           00887         MOVF    r0x00, W
000046 10??           00888         IORWF   r0x01, W
000048 E1??           00889         BNZ     _00158_DS_
                      00890 ;       .line   51; ../my_sdcc_lib/rosso_sdcc_isr_delay.h       if (tmr0_isr_countdown[slot] == 0) {
00004A 50??           00891         MOVF    r0x00, W
00004C 10??           00892         IORWF   r0x01, W
00004E E1??           00893         BNZ     _00158_DS_
                      00894 ;       .line   54; ../my_sdcc_lib/rosso_sdcc_isr_delay.h       return (TRUE); //-- delay passed
gpasm-1.4.3 #1207 (May 12 2016)      main.asm   5-16-2016  05:55:22         PAGE 18


LOC    OBJECT CODE    LINE  SOURCE TEXT
  VALUE

000050 0E01           00895         MOVLW   0x01
000052 D???           00896         BRA     _00159_DS_
000054                00897 _00158_DS_:
                      00898 ;       .line   57; ../my_sdcc_lib/rosso_sdcc_isr_delay.h       return (FALSE); //-- still waiting
000054 6AE8           00899         CLRF    WREG
000056                00900 _00159_DS_:
000056 CFE4 F000      00901         MOVFF   PREINC1, r0x01
00005A CFE4 F000      00902         MOVFF   PREINC1, r0x00
00005E CFE4 FFD9      00903         MOVFF   PREINC1, FSR2L
000062 0012           00904         RETURN  
                      00905 
                      00906 ; ; Starting pCode block
                      00907 S_main__tmr0_set_delay  code
000000                00908 _tmr0_set_delay:
                      00909 ;       .line   41; ../my_sdcc_lib/rosso_sdcc_isr_delay.h       void tmr0_set_delay(uint8_t slot, uint16
                            _t ticks) {
000000 CFD9 FFE5      00910         MOVFF   FSR2L, POSTDEC1
000004 CFE1 FFD9      00911         MOVFF   FSR1L, FSR2L
000008 C??? F???      00912         MOVFF   r0x00, POSTDEC1
00000C C??? F???      00913         MOVFF   r0x01, POSTDEC1
000010 C??? F???      00914         MOVFF   r0x02, POSTDEC1
000014 C??? F???      00915         MOVFF   r0x03, POSTDEC1
000018 0E02           00916         MOVLW   0x02
00001A CFDB F000      00917         MOVFF   PLUSW2, r0x00
00001E 0E03           00918         MOVLW   0x03
000020 CFDB F000      00919         MOVFF   PLUSW2, r0x01
000024 0E04           00920         MOVLW   0x04
000026 CFDB F000      00921         MOVFF   PLUSW2, r0x02
                      00922 ;       .line   42; ../my_sdcc_lib/rosso_sdcc_isr_delay.h       if (slot >= TMR0_DELAY_SLOTS) slot = 0;
00002A 0E01           00923         MOVLW   0x01
                      00924 ; #     SUBWF   r0x00, W
                      00925 ; #     BTFSS   STATUS, 0
                      00926 ; #     GOTO    _00142_DS_
                      00927 ; #     CLRF    r0x00
                      00928 ; #     BCF     _INTCONbits, 5
                      00929 ; #;;multiply lit val:0x02 by variable r0x00 and store in r0x00
                      00930 ;       .line   43; ../my_sdcc_lib/rosso_sdcc_isr_delay.h       INTCONbits.TMR0IE = 0;
00002C 5C??           00931         SUBWF   r0x00, W
00002E B0D8           00932         BTFSC   STATUS, 0
000030 6A??           00933         CLRF    r0x00
000032 9A??           00934         BCF     _INTCONbits, 5
                      00935 ;       .line   44; ../my_sdcc_lib/rosso_sdcc_isr_delay.h       tmr0_isr_countdown[slot] = ticks;
000034 50??           00936         MOVF    r0x00, W
000036 0D02           00937         MULLW   0x02
000038 50F4           00938         MOVF    PRODH, W
00003A 6E??           00939         MOVWF   r0x03
00003C CFF3 F000      00940         MOVFF   PRODL, r0x00
000040 0E??           00941         MOVLW   LOW(_tmr0_isr_countdown)
000042 26??           00942         ADDWF   r0x00, F
000044 0E??           00943         MOVLW   HIGH(_tmr0_isr_countdown)
000046 22??           00944         ADDWFC  r0x03, F
000048 C??? F???      00945         MOVFF   r0x00, FSR0L
00004C C??? F???      00946         MOVFF   r0x03, FSR0H
gpasm-1.4.3 #1207 (May 12 2016)      main.asm   5-16-2016  05:55:22         PAGE 19


LOC    OBJECT CODE    LINE  SOURCE TEXT
  VALUE

000050 C??? F???      00947         MOVFF   r0x01, POSTINC0
000054 C??? F???      00948         MOVFF   r0x02, INDF0
                      00949 ;       .line   45; ../my_sdcc_lib/rosso_sdcc_isr_delay.h       INTCONbits.TMR0IE = 1;
000058 8A??           00950         BSF     _INTCONbits, 5
00005A CFE4 F000      00951         MOVFF   PREINC1, r0x03
00005E CFE4 F000      00952         MOVFF   PREINC1, r0x02
000062 CFE4 F000      00953         MOVFF   PREINC1, r0x01
000066 CFE4 F000      00954         MOVFF   PREINC1, r0x00
00006A CFE4 FFD9      00955         MOVFF   PREINC1, FSR2L
00006E 0012           00956         RETURN  
                      00957 
                      00958 ; ; Starting pCode block
                      00959 S_main___delay_ms       code
000000                00960 __delay_ms:
                      00961 ;       .line   174; ../my_sdcc_lib/rosso_sdcc.h        void _delay_ms(uint16_t x){
000000 CFD9 FFE5      00962         MOVFF   FSR2L, POSTDEC1
000004 CFE1 FFD9      00963         MOVFF   FSR1L, FSR2L
000008 C??? F???      00964         MOVFF   r0x00, POSTDEC1
00000C C??? F???      00965         MOVFF   r0x01, POSTDEC1
000010 C??? F???      00966         MOVFF   r0x02, POSTDEC1
000014 C??? F???      00967         MOVFF   r0x03, POSTDEC1
000018 0E02           00968         MOVLW   0x02
00001A CFDB F000      00969         MOVFF   PLUSW2, r0x00
00001E 0E03           00970         MOVLW   0x03
000020 CFDB F000      00971         MOVFF   PLUSW2, r0x01
                      00972 ;       .line   176; ../my_sdcc_lib/rosso_sdcc.h        for(i=0; i<x; i++){
000024 6A??           00973         CLRF    r0x02
000026 6A??           00974         CLRF    r0x03
000028                00975 _00125_DS_:
000028 50??           00976         MOVF    r0x01, W
00002A 5C??           00977         SUBWF   r0x03, W
00002C E1??           00978         BNZ     _00136_DS_
00002E 50??           00979         MOVF    r0x00, W
000030 5C??           00980         SUBWF   r0x02, W
000032                00981 _00136_DS_:
000032 E2??           00982         BC      _00127_DS_
                      00983 ;       .line   177; ../my_sdcc_lib/rosso_sdcc.h        delay_1ms();
000034 0EA0           00984         MOVLW   0xa0
000036 EC?? F0??      00985         CALL    _delay100tcy
                      00986 ;       .line   176; ../my_sdcc_lib/rosso_sdcc.h        for(i=0; i<x; i++){
00003A 4A??           00987         INFSNZ  r0x02, F
00003C 2A??           00988         INCF    r0x03, F
00003E D???           00989         BRA     _00125_DS_
000040                00990 _00127_DS_:
000040 CFE4 F000      00991         MOVFF   PREINC1, r0x03
000044 CFE4 F000      00992         MOVFF   PREINC1, r0x02
000048 CFE4 F000      00993         MOVFF   PREINC1, r0x01
00004C CFE4 F000      00994         MOVFF   PREINC1, r0x00
000050 CFE4 FFD9      00995         MOVFF   PREINC1, FSR2L
000054 0012           00996         RETURN  
                      00997 
                      00998 ; ; Starting pCode block
                      00999 S_main___delay_us       code
gpasm-1.4.3 #1207 (May 12 2016)      main.asm   5-16-2016  05:55:22         PAGE 20


LOC    OBJECT CODE    LINE  SOURCE TEXT
  VALUE

000000                01000 __delay_us:
                      01001 ;       .line   167; ../my_sdcc_lib/rosso_sdcc.h        void _delay_us(uint16_t x){
000000 CFD9 FFE5      01002         MOVFF   FSR2L, POSTDEC1
000004 CFE1 FFD9      01003         MOVFF   FSR1L, FSR2L
000008 C??? F???      01004         MOVFF   r0x00, POSTDEC1
00000C C??? F???      01005         MOVFF   r0x01, POSTDEC1
000010 C??? F???      01006         MOVFF   r0x02, POSTDEC1
000014 C??? F???      01007         MOVFF   r0x03, POSTDEC1
000018 0E02           01008         MOVLW   0x02
00001A CFDB F000      01009         MOVFF   PLUSW2, r0x00
00001E 0E03           01010         MOVLW   0x03
000020 CFDB F000      01011         MOVFF   PLUSW2, r0x01
                      01012 ;       .line   169; ../my_sdcc_lib/rosso_sdcc.h        for(i=0; i<x; i++){
000024 6A??           01013         CLRF    r0x02
000026 6A??           01014         CLRF    r0x03
000028                01015 _00107_DS_:
000028 50??           01016         MOVF    r0x01, W
00002A 5C??           01017         SUBWF   r0x03, W
00002C E1??           01018         BNZ     _00118_DS_
00002E 50??           01019         MOVF    r0x00, W
000030 5C??           01020         SUBWF   r0x02, W
000032                01021 _00118_DS_:
000032 E2??           01022         BC      _00109_DS_
000034 0000           01023         nop     
000036 0000           01024         nop     
000038 0000           01025         nop     
00003A 0000           01026         nop     
00003C 0000           01027         nop     
00003E 0000           01028         nop     
000040 0000           01029         nop     
000042 0000           01030         nop     
000044 0000           01031         nop     
000046 0000           01032         nop     
000048 0000           01033         nop     
00004A 0000           01034         nop     
00004C 0000           01035         nop     
00004E 0000           01036         nop     
000050 0000           01037         nop     
000052 0000           01038         nop     
                      01039 ;       .line   169; ../my_sdcc_lib/rosso_sdcc.h        for(i=0; i<x; i++){
000054 4A??           01040         INFSNZ  r0x02, F
000056 2A??           01041         INCF    r0x03, F
000058 D???           01042         BRA     _00107_DS_
00005A                01043 _00109_DS_:
00005A CFE4 F000      01044         MOVFF   PREINC1, r0x03
00005E CFE4 F000      01045         MOVFF   PREINC1, r0x02
000062 CFE4 F000      01046         MOVFF   PREINC1, r0x01
000066 CFE4 F000      01047         MOVFF   PREINC1, r0x00
00006A CFE4 FFD9      01048         MOVFF   PREINC1, FSR2L
00006E 0012           01049         RETURN  
                      01050 
                      01051 
                      01052 
gpasm-1.4.3 #1207 (May 12 2016)      main.asm   5-16-2016  05:55:22         PAGE 21


LOC    OBJECT CODE    LINE  SOURCE TEXT
  VALUE

                      01053 ; Statistics:
                      01054 ; code size:     1144 (0x0478) bytes ( 0.87%)
                      01055 ;                 572 (0x023c) words
                      01056 ; udata size:       3 (0x0003) bytes ( 0.08%)
                      01057 ; access size:      7 (0x0007) bytes
                      01058 
                      01059 
                      01060         end
gpasm-1.4.3 #1207 (May 12 2016)      main.asm   5-16-2016  05:55:22         PAGE 22


SYMBOL TABLE
  LABEL                             VALUE

FSR0H                             00000FEA
FSR0L                             00000FE9
FSR1L                             00000FE1
FSR2L                             00000FD9
INDF0                             00000FEF
PCLATH                            00000FFA
PCLATU                            00000FFB
PLUSW2                            00000FDB
POSTDEC1                          00000FE5
POSTINC0                          00000FEE
POSTINC1                          00000FE6
PREINC1                           00000FE4
PRODH                             00000FF4
PRODL                             00000FF3
STATUS                            00000FD8
WREG                              00000FE8
_00107_DS_                        00000028
_00109_DS_                        0000005A
_00118_DS_                        00000032
_00125_DS_                        00000028
_00127_DS_                        00000040
_00136_DS_                        00000032
_00154_DS_                        00000020
_00158_DS_                        00000054
_00159_DS_                        00000056
_00176_DS_                        00000034
_00194_DS_                        0000002A
_00195_DS_                        0000006A
_00196_DS_                        0000007C
_00211_DS_                        00000052
_00250_DS_                        00000044
_ADCON0                           00000000
_ADCON0bits                       00000000
_ADCON1                           00000000
_ADCON1bits                       00000000
_ADCON2                           00000000
_ADCON2bits                       00000000
_ADRES                            00000000
_ADRESH                           00000000
_ADRESL                           00000000
_ANSELA                           00000000
_ANSELAbits                       00000000
_ANSELB                           00000000
_ANSELBbits                       00000000
_ANSELC                           00000000
_ANSELCbits                       00000000
_ANSELD                           00000000
_ANSELDbits                       00000000
_ANSELE                           00000000
_ANSELEbits                       00000000
_BAUD1CON                         00000000
_BAUD1CONbits                     00000000
_BAUD2CON                         00000000
gpasm-1.4.3 #1207 (May 12 2016)      main.asm   5-16-2016  05:55:22         PAGE 23


SYMBOL TABLE
  LABEL                             VALUE 

_BAUD2CONbits                     00000000
_BAUDCON                          00000000
_BAUDCON1                         00000000
_BAUDCON1bits                     00000000
_BAUDCON2                         00000000
_BAUDCON2bits                     00000000
_BAUDCONbits                      00000000
_BAUDCTL                          00000000
_BAUDCTLbits                      00000000
_BSR                              00000000
_CCP1CON                          00000000
_CCP1CONbits                      00000000
_CCP2AS                           00000000
_CCP2ASbits                       00000000
_CCP2CON                          00000000
_CCP2CONbits                      00000000
_CCP3AS                           00000000
_CCP3ASbits                       00000000
_CCP3CON                          00000000
_CCP3CONbits                      00000000
_CCP4CON                          00000000
_CCP4CONbits                      00000000
_CCP5CON                          00000000
_CCP5CONbits                      00000000
_CCPR1                            00000000
_CCPR1H                           00000000
_CCPR1L                           00000000
_CCPR2                            00000000
_CCPR2H                           00000000
_CCPR2L                           00000000
_CCPR3                            00000000
_CCPR3H                           00000000
_CCPR3L                           00000000
_CCPR4                            00000000
_CCPR4H                           00000000
_CCPR4L                           00000000
_CCPR5                            00000000
_CCPR5H                           00000000
_CCPR5L                           00000000
_CCPTMRS0                         00000000
_CCPTMRS0bits                     00000000
_CCPTMRS1                         00000000
_CCPTMRS1bits                     00000000
_CM1CON                           00000000
_CM1CON0                          00000000
_CM1CON0bits                      00000000
_CM1CONbits                       00000000
_CM2CON                           00000000
_CM2CON0                          00000000
_CM2CON0bits                      00000000
_CM2CON1                          00000000
_CM2CON1bits                      00000000
_CM2CONbits                       00000000
gpasm-1.4.3 #1207 (May 12 2016)      main.asm   5-16-2016  05:55:22         PAGE 24


SYMBOL TABLE
  LABEL                             VALUE 

_CM12CON                          00000000
_CM12CONbits                      00000000
_CTMUCON0                         00000000
_CTMUCON0bits                     00000000
_CTMUCON1                         00000000
_CTMUCON1bits                     00000000
_CTMUCONH                         00000000
_CTMUCONHbits                     00000000
_CTMUCONL                         00000000
_CTMUCONLbits                     00000000
_CTMUICON                         00000000
_CTMUICONH                        00000000
_CTMUICONHbits                    00000000
_CTMUICONbits                     00000000
_DACCON0                          00000000
_DACCON0bits                      00000000
_DACCON1                          00000000
_DACCON1bits                      00000000
_DDRA                             00000000
_DDRAbits                         00000000
_DDRB                             00000000
_DDRBbits                         00000000
_DDRC                             00000000
_DDRCbits                         00000000
_DDRD                             00000000
_DDRDbits                         00000000
_DDRE                             00000000
_DDREbits                         00000000
_ECCP1AS                          00000000
_ECCP1ASbits                      00000000
_ECCP2AS                          00000000
_ECCP2ASbits                      00000000
_ECCP3AS                          00000000
_ECCP3ASbits                      00000000
_ECCPAS                           00000000
_ECCPASbits                       00000000
_EEADR                            00000000
_EEADRH                           00000000
_EEADRHbits                       00000000
_EEADRbits                        00000000
_EECON1                           00000000
_EECON1bits                       00000000
_EECON2                           00000000
_EEDATA                           00000000
_FSR0H                            00000000
_FSR0L                            00000000
_FSR1H                            00000000
_FSR1L                            00000000
_FSR2H                            00000000
_FSR2L                            00000000
_FVRCON                           00000000
_FVRCONbits                       00000000
_HLVDCON                          00000000
gpasm-1.4.3 #1207 (May 12 2016)      main.asm   5-16-2016  05:55:22         PAGE 25


SYMBOL TABLE
  LABEL                             VALUE 

_HLVDCONbits                      00000000
_INDF0                            00000000
_INDF1                            00000000
_INDF2                            00000000
_INTCON                           00000000
_INTCON2                          00000000
_INTCON2bits                      00000000
_INTCON3                          00000000
_INTCON3bits                      00000000
_INTCONbits                       00000000
_IOCB                             00000000
_IOCBbits                         00000000
_IPR1                             00000000
_IPR1bits                         00000000
_IPR2                             00000000
_IPR2bits                         00000000
_IPR3                             00000000
_IPR3bits                         00000000
_IPR4                             00000000
_IPR4bits                         00000000
_IPR5                             00000000
_IPR5bits                         00000000
_LATA                             00000000
_LATAbits                         00000000
_LATB                             00000000
_LATBbits                         00000000
_LATC                             00000000
_LATCbits                         00000000
_LATD                             00000000
_LATDbits                         00000000
_LATE                             00000000
_LATEbits                         00000000
_LVDCON                           00000000
_LVDCONbits                       00000000
_OSCCON                           00000000
_OSCCON2                          00000000
_OSCCON2bits                      00000000
_OSCCONbits                       00000000
_OSCTUNE                          00000000
_OSCTUNEbits                      00000000
_PC                               00000000
_PCL                              00000000
_PCLATH                           00000000
_PCLATU                           00000000
_PIE1                             00000000
_PIE1bits                         00000000
_PIE2                             00000000
_PIE2bits                         00000000
_PIE3                             00000000
_PIE3bits                         00000000
_PIE4                             00000000
_PIE4bits                         00000000
_PIE5                             00000000
gpasm-1.4.3 #1207 (May 12 2016)      main.asm   5-16-2016  05:55:22         PAGE 26


SYMBOL TABLE
  LABEL                             VALUE 

_PIE5bits                         00000000
_PIR1                             00000000
_PIR1bits                         00000000
_PIR2                             00000000
_PIR2bits                         00000000
_PIR3                             00000000
_PIR3bits                         00000000
_PIR4                             00000000
_PIR4bits                         00000000
_PIR5                             00000000
_PIR5bits                         00000000
_PLUSW0                           00000000
_PLUSW1                           00000000
_PLUSW2                           00000000
_PMD0                             00000000
_PMD0bits                         00000000
_PMD1                             00000000
_PMD1bits                         00000000
_PMD2                             00000000
_PMD2bits                         00000000
_PORTA                            00000000
_PORTAbits                        00000000
_PORTB                            00000000
_PORTBbits                        00000000
_PORTC                            00000000
_PORTCbits                        00000000
_PORTD                            00000000
_PORTDbits                        00000000
_PORTE                            00000000
_PORTEbits                        00000000
_POSTDEC0                         00000000
_POSTDEC1                         00000000
_POSTDEC2                         00000000
_POSTINC0                         00000000
_POSTINC1                         00000000
_POSTINC2                         00000000
_PR2                              00000000
_PR4                              00000000
_PR6                              00000000
_PREINC0                          00000000
_PREINC1                          00000000
_PREINC2                          00000000
_PROD                             00000000
_PRODH                            00000000
_PRODL                            00000000
_PSTR1CON                         00000000
_PSTR1CONbits                     00000000
_PSTR2CON                         00000000
_PSTR2CONbits                     00000000
_PSTR3CON                         00000000
_PSTR3CONbits                     00000000
_PSTRCON                          00000000
_PSTRCONbits                      00000000
gpasm-1.4.3 #1207 (May 12 2016)      main.asm   5-16-2016  05:55:22         PAGE 27


SYMBOL TABLE
  LABEL                             VALUE 

_PWM1CON                          00000000
_PWM1CONbits                      00000000
_PWM2CON                          00000000
_PWM2CONbits                      00000000
_PWM3CON                          00000000
_PWM3CONbits                      00000000
_PWMCON                           00000000
_PWMCONbits                       00000000
_RC1REG                           00000000
_RC1STA                           00000000
_RC1STAbits                       00000000
_RC2REG                           00000000
_RC2STA                           00000000
_RC2STAbits                       00000000
_RCON                             00000000
_RCONbits                         00000000
_RCREG                            00000000
_RCREG1                           00000000
_RCREG2                           00000000
_RCSTA                            00000000
_RCSTA1                           00000000
_RCSTA1bits                       00000000
_RCSTA2                           00000000
_RCSTA2bits                       00000000
_RCSTAbits                        00000000
_SLRCON                           00000000
_SLRCONbits                       00000000
_SP1BRG                           00000000
_SP1BRGH                          00000000
_SP2BRG                           00000000
_SP2BRGH                          00000000
_SPBRG                            00000000
_SPBRG1                           00000000
_SPBRG2                           00000000
_SPBRGH                           00000000
_SPBRGH1                          00000000
_SPBRGH2                          00000000
_SRCON0                           00000000
_SRCON0bits                       00000000
_SRCON1                           00000000
_SRCON1bits                       00000000
_SSP1ADD                          00000000
_SSP1BUF                          00000000
_SSP1CON1                         00000000
_SSP1CON1bits                     00000000
_SSP1CON2                         00000000
_SSP1CON2bits                     00000000
_SSP1CON3                         00000000
_SSP1CON3bits                     00000000
_SSP1MSK                          00000000
_SSP1MSKbits                      00000000
_SSP1STAT                         00000000
_SSP1STATbits                     00000000
gpasm-1.4.3 #1207 (May 12 2016)      main.asm   5-16-2016  05:55:22         PAGE 28


SYMBOL TABLE
  LABEL                             VALUE 

_SSP2ADD                          00000000
_SSP2BUF                          00000000
_SSP2CON1                         00000000
_SSP2CON1bits                     00000000
_SSP2CON2                         00000000
_SSP2CON2bits                     00000000
_SSP2CON3                         00000000
_SSP2CON3bits                     00000000
_SSP2MSK                          00000000
_SSP2MSKbits                      00000000
_SSP2STAT                         00000000
_SSP2STATbits                     00000000
_SSPADD                           00000000
_SSPBUF                           00000000
_SSPCON1                          00000000
_SSPCON1bits                      00000000
_SSPCON2                          00000000
_SSPCON2bits                      00000000
_SSPCON3                          00000000
_SSPCON3bits                      00000000
_SSPMSK                           00000000
_SSPMSKbits                       00000000
_SSPSTAT                          00000000
_SSPSTATbits                      00000000
_STATUS                           00000000
_STATUSbits                       00000000
_STKPTR                           00000000
_STKPTRbits                       00000000
_T0CON                            00000000
_T0CONbits                        00000000
_T1CON                            00000000
_T1CONbits                        00000000
_T1GCON                           00000000
_T1GCONbits                       00000000
_T2CON                            00000000
_T2CONbits                        00000000
_T3CON                            00000000
_T3CONbits                        00000000
_T3GCON                           00000000
_T3GCONbits                       00000000
_T4CON                            00000000
_T4CONbits                        00000000
_T5CON                            00000000
_T5CONbits                        00000000
_T5GCON                           00000000
_T5GCONbits                       00000000
_T6CON                            00000000
_T6CONbits                        00000000
_TABLAT                           00000000
_TBLPTR                           00000000
_TBLPTRH                          00000000
_TBLPTRL                          00000000
_TBLPTRU                          00000000
gpasm-1.4.3 #1207 (May 12 2016)      main.asm   5-16-2016  05:55:22         PAGE 29


SYMBOL TABLE
  LABEL                             VALUE 

_TMR0                             00000000
_TMR0H                            00000000
_TMR0L                            00000000
_TMR1                             00000000
_TMR1H                            00000000
_TMR1L                            00000000
_TMR2                             00000000
_TMR3                             00000000
_TMR3H                            00000000
_TMR3L                            00000000
_TMR4                             00000000
_TMR5                             00000000
_TMR5H                            00000000
_TMR5L                            00000000
_TMR6                             00000000
_TOS                              00000000
_TOSH                             00000000
_TOSL                             00000000
_TOSU                             00000000
_TRISA                            00000000
_TRISAbits                        00000000
_TRISB                            00000000
_TRISBbits                        00000000
_TRISC                            00000000
_TRISCbits                        00000000
_TRISD                            00000000
_TRISDbits                        00000000
_TRISE                            00000000
_TRISEbits                        00000000
_TX1REG                           00000000
_TX1STA                           00000000
_TX1STAbits                       00000000
_TX2REG                           00000000
_TX2STA                           00000000
_TX2STAbits                       00000000
_TXREG                            00000000
_TXREG1                           00000000
_TXREG2                           00000000
_TXSTA                            00000000
_TXSTA1                           00000000
_TXSTA1bits                       00000000
_TXSTA2                           00000000
_TXSTA2bits                       00000000
_TXSTAbits                        00000000
_VREFCON0                         00000000
_VREFCON0bits                     00000000
_VREFCON1                         00000000
_VREFCON1bits                     00000000
_VREFCON2                         00000000
_VREFCON2bits                     00000000
_WDTCON                           00000000
_WDTCONbits                       00000000
_WPUB                             00000000
gpasm-1.4.3 #1207 (May 12 2016)      main.asm   5-16-2016  05:55:22         PAGE 30


SYMBOL TABLE
  LABEL                             VALUE 

_WPUBbits                         00000000
_WREG                             00000000
__16_BIT                          00000001
__18F46K22                        00000001
__ACC_RAM_LOW_END                 0000005F
__ACC_RAM_LOW_START               00000000
__ACTIVE_BANK_ADDR                FFFFFFFF
__ACTIVE_PAGE_ADDR                FFFFFFFF
__BANK_0                          00000000
__BANK_1                          00000100
__BANK_2                          00000200
__BANK_3                          00000300
__BANK_4                          00000400
__BANK_5                          00000500
__BANK_6                          00000600
__BANK_7                          00000700
__BANK_8                          00000800
__BANK_9                          00000900
__BANK_10                         00000A00
__BANK_11                         00000B00
__BANK_12                         00000C00
__BANK_13                         00000D00
__BANK_14                         00000E00
__BANK_15                         00000F00
__BANK_BITS                       00000F00
__BANK_FIRST                      00000000
__BANK_INV                        FFFFFFFF
__BANK_LAST                       00000F00
__BANK_MASK                       000000FF
__BANK_SIZE                       00000100
__CODE_END                        0000FFFF
__CODE_START                      00000000
__COMMON_RAM_END                  0000005F
__COMMON_RAM_START                00000000
__CONFIG_END                      0030000D
__CONFIG_START                    00300000
__EEPROM_END                      00F003FF
__EEPROM_START                    00F00000
__EXTENDED                        00000001
__GPUTILS_SVN_VERSION             000004B7
__GPUTILS_VERSION_MAJOR           00000001
__GPUTILS_VERSION_MICRO           00000003
__GPUTILS_VERSION_MINOR           00000004
__IDLOCS_END                      00200007
__IDLOCS_START                    00200000
__NUM_BANKS                       00000010
__VECTOR_INT_HIGH                 00000008
__VECTOR_INT_LOW                  00000018
__VECTOR_RESET                    00000000
__WHILE_LOOP_COUNT_MAX            000000FF
___uflags                         00000000
__delay_ms                        00000000
__delay_us                        00000000
gpasm-1.4.3 #1207 (May 12 2016)      main.asm   5-16-2016  05:55:22         PAGE 31


SYMBOL TABLE
  LABEL                             VALUE 

__entry                           00000300
__startup                         00000000
_cinit                            00000000
_delay100tcy                      00000000
_high_isr                         00000000
_high_isr_proxy                   00000308
_low_isr                          00000000
_low_isr_proxy                    00000318
_main                             00000000
_stack_end                        00000000
_tmr0_check_delay                 00000000
_tmr0_isr_countdown               00000000
_tmr0_isr_init                    00000000
_tmr0_isr_intr                    00000000
_tmr0_load                        00000000
_tmr0_set_delay                   00000000
copy_loop                         00000076
copy_loop_dec                     0000007C
entry_loop                        00000028
entry_loop_dec                    00000090
lockup                            0000009C
r0x00                             00000000
r0x01                             00000001
r0x02                             00000002
r0x03                             00000003
r0x04                             00000004
r0x05                             00000005
r0x06                             00000006

Errors   :     0
Warnings :     0 reported,     0 suppressed
Messages :     0 reported,     0 suppressed

